default certs/Kconfig:59
default net/9p/Kconfig:20
def_bool net/ipv6/Kconfig:318
default net/ipv4/Kconfig:643
def_bool net/netfilter/ipvs/Kconfig:92
def_bool net/netfilter/Kconfig:22
def_bool net/netfilter/Kconfig:34
default net/netfilter/Kconfig:594
def_bool net/dccp/ccids/Kconfig:51
def_bool net/dccp/ccids/Kconfig:54
def_bool net/strparser/Kconfig:3
default net/sched/Kconfig:407
def_bool net/wireless/Kconfig:6
def_bool net/wireless/Kconfig:10
default net/wireless/Kconfig:160
def_bool net/Kconfig:36
def_bool net/Kconfig:70
def_bool net/Kconfig:146
def_tristate net/Kconfig:474
default net/Kconfig:493
default net/can/Kconfig:47
default security/integrity/ima/Kconfig:77
default security/integrity/ima/Kconfig:97
default security/integrity/Kconfig:83
default security/apparmor/Kconfig:39
default security/apparmor/Kconfig:73
default mm/Kconfig:39
def_bool mm/Kconfig:243
default mm/Kconfig:307
default mm/Kconfig:320
default mm/Kconfig:331
def_bool mm/Kconfig:407
def_bool mm/Kconfig:452
def_bool mm/Kconfig:456
def_bool mm/Kconfig:478
def_bool mm/Kconfig:526
def_bool mm/Kconfig:534
default mm/Kconfig:554
def_bool mm/Kconfig:575
def_bool mm/Kconfig:596
def_bool mm/Kconfig:608
def_bool mm/Kconfig:680
def_bool mm/Kconfig:689
def_bool mm/Kconfig:699
def_bool mm/Kconfig:713
def_bool mm/Kconfig:814
def_bool mm/Kconfig:864
def_bool mm/Kconfig:890
def_bool mm/Kconfig:894
def_bool mm/Kconfig:898
def_bool mm/Kconfig:902
default mm/Kconfig:1114
default mm/Kconfig:1184
default mm/Kconfig:1246
def_bool mm/Kconfig:1261
def_bool mm/Kconfig:1266
def_bool mm/Kconfig:1269
def_bool lib/fonts/Kconfig:131
def_bool lib/crypto/Kconfig:36
def_bool lib/Kconfig:7
def_bool lib/Kconfig:72
def_bool lib/Kconfig:75
def_bool lib/Kconfig:333
def_bool lib/Kconfig:554
def_bool lib/Kconfig:666
def_bool lib/Kconfig:673
def_bool lib/Kconfig:684
def_bool virt/kvm/Kconfig:74
default fs/fat/Kconfig:107
default fs/overlayfs/Kconfig:16
default fs/overlayfs/Kconfig:20
default fs/overlayfs/Kconfig:47
default fs/overlayfs/Kconfig:51
default fs/overlayfs/Kconfig:66
default fs/overlayfs/Kconfig:72
default fs/overlayfs/Kconfig:112
def_bool fs/notify/Kconfig:3
default fs/proc/Kconfig:84
def_bool fs/proc/Kconfig:105
def_bool fs/proc/Kconfig:109
def_bool fs/minix/Kconfig:22
def_bool fs/minix/Kconfig:26
def_bool fs/Kconfig:110
default fs/Kconfig:221
def_bool fs/Kconfig:254
default fs/Kconfig:271
def_bool fs/Kconfig:281
def_bool fs/Kconfig:285
def_bool fs/Kconfig:290
def_bool kernel/trace/Kconfig:279
def_bool kernel/trace/Kconfig:284
def_bool kernel/trace/Kconfig:289
def_bool kernel/trace/Kconfig:293
def_bool kernel/trace/Kconfig:771
def_bool kernel/trace/Kconfig:774
def_bool kernel/trace/Kconfig:786
def_bool kernel/trace/Kconfig:795
def_bool kernel/trace/Kconfig:801
def_bool kernel/trace/Kconfig:809
def_bool kernel/time/Kconfig:26
default kernel/power/Kconfig:31
def_bool kernel/power/Kconfig:139
def_bool kernel/power/Kconfig:144
def_bool kernel/power/Kconfig:151
def_bool kernel/power/Kconfig:245
def_bool kernel/power/Kconfig:324
default kernel/power/Kconfig:332
default kernel/power/Kconfig:346
def_bool kernel/power/Kconfig:351
def_bool kernel/power/Kconfig:355
def_bool kernel/dma/Kconfig:36
def_bool kernel/dma/Kconfig:110
default kernel/dma/Kconfig:131
default kernel/rcu/Kconfig:43
def_bool kernel/rcu/Kconfig:69
def_bool kernel/rcu/Kconfig:72
def_bool kernel/rcu/Kconfig:133
def_bool kernel/rcu/Kconfig:141
default kernel/rcu/Kconfig:275
default kernel/rcu/Kconfig:334
def_bool kernel/module/Kconfig:401
def_bool kernel/bpf/Kconfig:70
default kernel/bpf/Kconfig:74
def_bool kernel/gcov/Kconfig:38
def_bool drivers/nvmem/Kconfig:322
def_tristate drivers/spi/Kconfig:854
def_bool drivers/spi/Kconfig:1305
def_bool drivers/accessibility/speakup/Kconfig:47
default drivers/xen/Kconfig:68
def_bool drivers/xen/Kconfig:178
def_bool drivers/xen/Kconfig:307
def_bool drivers/xen/Kconfig:311
def_bool drivers/xen/Kconfig:317
def_bool drivers/hv/Kconfig:41
def_bool drivers/clk/imx/Kconfig:11
def_bool drivers/clk/imx/Kconfig:15
def_bool drivers/clk/imx/Kconfig:19
def_bool drivers/clk/imx/Kconfig:23
def_bool drivers/clk/imx/Kconfig:27
def_bool drivers/clk/imx/Kconfig:31
def_bool drivers/clk/imx/Kconfig:35
def_bool drivers/clk/imx/Kconfig:39
def_bool drivers/clk/imx/Kconfig:43
def_bool drivers/clk/imx/Kconfig:47
def_bool drivers/clk/imx/Kconfig:51
def_bool drivers/clk/imx/Kconfig:55
def_bool drivers/clk/imx/Kconfig:59
def_bool drivers/clk/imx/Kconfig:63
def_bool drivers/clk/tegra/Kconfig:3
def_bool drivers/clk/microchip/Kconfig:4
def_bool drivers/clk/Kconfig:374
def_bool drivers/clk/Kconfig:395
def_bool drivers/clk/Kconfig:445
def_bool drivers/clk/Kconfig:450
def_bool drivers/clk/Kconfig:455
default drivers/soc/loongson/Kconfig:18
def_bool drivers/soc/tegra/Kconfig:145
def_bool drivers/irqchip/Kconfig:5
def_bool drivers/irqchip/Kconfig:377
def_bool drivers/irqchip/Kconfig:405
def_bool drivers/irqchip/Kconfig:409
default drivers/scsi/hisi_sas/Kconfig:23
default drivers/scsi/mpt3sas/Kconfig:78
default drivers/scsi/Kconfig:1012
default drivers/pcmcia/Kconfig:90
default drivers/pcmcia/Kconfig:95
default drivers/pcmcia/Kconfig:100
default drivers/pcmcia/Kconfig:105
default drivers/pcmcia/Kconfig:110
def_bool drivers/net/phy/Kconfig:51
def_bool drivers/net/ethernet/freescale/fs_enet/Kconfig:9
default drivers/net/ethernet/apple/Kconfig:33
def_bool drivers/net/ethernet/smsc/Kconfig:89
def_bool drivers/net/ethernet/realtek/Kconfig:117
def_bool drivers/net/ethernet/intel/Kconfig:381
def_bool drivers/net/ethernet/dec/tulip/Kconfig:104
def_bool drivers/net/wireless/broadcom/brcm80211/Kconfig:19
def_bool drivers/net/wireless/ath/ath9k/Kconfig:10
default drivers/net/Kconfig:7
default drivers/net/Kconfig:33
default drivers/net/Kconfig:348
default drivers/net/Kconfig:358
def_bool drivers/net/Kconfig:370
def_bool drivers/net/Kconfig:373
def_tristate drivers/net/mdio/Kconfig:23
def_tristate drivers/net/mdio/Kconfig:30
def_tristate drivers/net/mdio/Kconfig:38
def_bool drivers/nvdimm/Kconfig:101
default drivers/video/fbdev/Kconfig:1619
def_bool drivers/thermal/intel/Kconfig:15
def_bool drivers/infiniband/Kconfig:78
default drivers/input/touchscreen/Kconfig:976
default drivers/input/touchscreen/Kconfig:981
default drivers/input/touchscreen/Kconfig:986
default drivers/input/touchscreen/Kconfig:991
default drivers/input/touchscreen/Kconfig:996
default drivers/input/touchscreen/Kconfig:1001
default drivers/input/touchscreen/Kconfig:1006
default drivers/input/touchscreen/Kconfig:1011
default drivers/input/touchscreen/Kconfig:1016
default drivers/input/touchscreen/Kconfig:1021
default drivers/input/touchscreen/Kconfig:1026
default drivers/input/touchscreen/Kconfig:1031
default drivers/input/touchscreen/Kconfig:1036
default drivers/input/touchscreen/Kconfig:1041
default drivers/input/touchscreen/Kconfig:1046
default drivers/input/touchscreen/Kconfig:1051
default drivers/input/touchscreen/Kconfig:1056
default drivers/input/touchscreen/Kconfig:1061
default drivers/char/ipmi/Kconfig:38
default drivers/char/ipmi/Kconfig:51
default drivers/char/ipmi/Kconfig:54
default drivers/char/Kconfig:369
def_bool drivers/gpu/drm/bridge/Kconfig:3
def_bool drivers/gpu/drm/bridge/Kconfig:9
def_tristate drivers/gpu/drm/renesas/rcar-du/Kconfig:25
def_tristate drivers/gpu/drm/renesas/rcar-du/Kconfig:45
def_tristate drivers/gpu/drm/renesas/rcar-du/Kconfig:61
def_bool drivers/gpu/drm/amd/display/Kconfig:26
default drivers/gpu/drm/vmwgfx/Kconfig:21
def_bool drivers/media/firewire/Kconfig:20
default drivers/media/usb/dvb-usb/Kconfig:46
default drivers/media/pci/ddbridge/Kconfig:35
def_tristate drivers/media/platform/chips-media/coda/Kconfig:18
default drivers/media/platform/ti/Kconfig:34
def_bool drivers/isdn/capi/Kconfig:3
def_bool drivers/isdn/capi/Kconfig:19
def_bool drivers/isdn/capi/Kconfig:26
def_bool drivers/acpi/Kconfig:272
def_bool drivers/acpi/Kconfig:373
def_bool drivers/acpi/numa/Kconfig:3
default drivers/bus/Kconfig:248
default drivers/firmware/efi/Kconfig:21
def_bool drivers/firmware/efi/Kconfig:224
default drivers/firmware/efi/Kconfig:241
default drivers/firmware/Kconfig:53
def_bool drivers/tty/Kconfig:75
default drivers/tty/Kconfig:167
default drivers/tty/Kconfig:190
default drivers/pnp/Kconfig:25
def_bool drivers/vfio/pci/Kconfig:11
def_bool drivers/vfio/pci/Kconfig:15
def_bool drivers/of/Kconfig:65
def_bool drivers/of/Kconfig:73
def_bool drivers/of/Kconfig:86
def_bool drivers/of/Kconfig:90
def_bool drivers/of/Kconfig:94
default drivers/cxl/Kconfig:106
def_bool drivers/cxl/Kconfig:110
def_bool drivers/phy/marvell/Kconfig:79
default drivers/base/Kconfig:235
def_bool drivers/macintosh/Kconfig:73
default drivers/macintosh/Kconfig:88
def_tristate drivers/s390/net/Kconfig:6
def_tristate drivers/s390/net/Kconfig:15
def_tristate drivers/s390/net/Kconfig:30
def_tristate drivers/s390/net/Kconfig:42
def_tristate drivers/s390/net/Kconfig:50
def_tristate drivers/s390/net/Kconfig:61
def_tristate drivers/s390/net/Kconfig:73
def_tristate drivers/s390/net/Kconfig:83
def_bool drivers/s390/net/Kconfig:92
def_tristate drivers/s390/char/Kconfig:6
def_tristate drivers/s390/char/Kconfig:13
def_bool drivers/s390/char/Kconfig:20
def_bool drivers/s390/char/Kconfig:28
def_bool drivers/s390/char/Kconfig:35
def_bool drivers/s390/char/Kconfig:43
def_bool drivers/s390/char/Kconfig:46
def_bool drivers/s390/char/Kconfig:53
def_bool drivers/s390/char/Kconfig:61
def_bool drivers/s390/char/Kconfig:68
def_tristate drivers/s390/char/Kconfig:76
def_bool drivers/s390/char/Kconfig:89
def_tristate drivers/s390/char/Kconfig:97
def_tristate drivers/s390/char/Kconfig:108
def_tristate drivers/s390/char/Kconfig:125
def_tristate drivers/s390/char/Kconfig:134
def_tristate drivers/s390/char/Kconfig:143
def_bool drivers/s390/char/Kconfig:153
def_tristate drivers/s390/char/Kconfig:172
def_tristate drivers/s390/char/Kconfig:179
def_tristate drivers/s390/char/Kconfig:186
def_tristate drivers/s390/block/Kconfig:6
def_tristate drivers/s390/block/Kconfig:15
def_bool drivers/s390/block/Kconfig:24
def_tristate drivers/s390/block/Kconfig:32
def_tristate drivers/s390/block/Kconfig:40
def_tristate drivers/s390/block/Kconfig:48
def_bool drivers/s390/block/Kconfig:57
def_tristate drivers/s390/block/Kconfig:66
default drivers/mtd/devices/Kconfig:211
default drivers/mtd/devices/Kconfig:213
def_tristate drivers/mtd/nand/raw/Kconfig:63
default drivers/usb/core/Kconfig:21
def_bool drivers/usb/Kconfig:42
def_bool drivers/dma/Kconfig:51
def_bool drivers/dma/Kconfig:55
default drivers/pci/pcie/Kconfig:99
def_bool drivers/pci/pcie/Kconfig:127
default drivers/pci/Kconfig:63
def_bool drivers/pci/Kconfig:200
default drivers/comedi/Kconfig:17
default drivers/comedi/Kconfig:26
def_bool drivers/cpuidle/Kconfig:87
def_bool drivers/pmdomain/tegra/Kconfig:4
def_bool drivers/iommu/riscv/Kconfig:18
default drivers/iommu/intel/Kconfig:60
def_bool drivers/iommu/intel/Kconfig:68
default drivers/iommu/intel/Kconfig:77
def_bool drivers/iommu/Kconfig:148
def_bool drivers/iommu/Kconfig:153
def_tristate drivers/iommu/Kconfig:371
def_bool drivers/iommu/Kconfig:451
default drivers/hwtracing/coresight/Kconfig:154
def_bool drivers/clocksource/Kconfig:30
default drivers/clocksource/Kconfig:319
def_bool drivers/pinctrl/sunxi/Kconfig:11
def_bool drivers/pinctrl/tegra/Kconfig:36
def_bool drivers/pinctrl/berlin/Kconfig:15
def_bool drivers/pinctrl/berlin/Kconfig:20
def_bool drivers/pinctrl/berlin/Kconfig:25
def_bool drivers/pinctrl/Kconfig:438
def_bool drivers/gpio/Kconfig:30
def_bool drivers/gpio/Kconfig:35
def_bool drivers/gpio/Kconfig:280
def_bool drivers/gpio/Kconfig:381
def_bool drivers/gpio/Kconfig:460
def_bool drivers/gpio/Kconfig:483
def_bool drivers/i2c/busses/Kconfig:173
def_bool drivers/i2c/busses/Kconfig:998
default drivers/bluetooth/Kconfig:39
default drivers/bluetooth/Kconfig:49
default init/Kconfig:9
def_bool init/Kconfig:20
def_bool init/Kconfig:28
def_bool init/Kconfig:36
def_bool init/Kconfig:39
def_bool init/Kconfig:48
def_bool init/Kconfig:56
def_bool init/Kconfig:71
def_bool init/Kconfig:105
def_bool init/Kconfig:115
def_bool init/Kconfig:118
def_bool init/Kconfig:121
def_bool init/Kconfig:131
def_bool init/Kconfig:415
def_bool init/Kconfig:485
def_bool init/Kconfig:560
def_bool init/Kconfig:886
def_bool init/Kconfig:896
def_bool init/Kconfig:904
default init/Kconfig:969
def_bool init/Kconfig:1040
def_bool init/Kconfig:1079
def_bool init/Kconfig:1482
default init/Kconfig:1604
default init/Kconfig:1785
default init/Kconfig:1907
def_bool init/Kconfig:1922
def_bool init/Kconfig:2005
def_bool init/Kconfig:2055
def_tristate sound/soc/sdca/Kconfig:11
default sound/soc/sof/Kconfig:22
default sound/soc/sof/Kconfig:33
def_tristate sound/drivers/Kconfig:20
def_tristate sound/drivers/Kconfig:25
default sound/usb/Kconfig:34
def_tristate sound/pci/Kconfig:496
default sound/core/seq/Kconfig:43
def_tristate sound/core/seq/Kconfig:54
def_tristate sound/core/seq/Kconfig:74
def_bool sound/core/Kconfig:262
def_tristate sound/isa/Kconfig:393
def_bool arch/loongarch/Kconfig:204
def_bool arch/loongarch/Kconfig:207
def_bool arch/loongarch/Kconfig:211
def_bool arch/loongarch/Kconfig:215
def_bool arch/loongarch/Kconfig:218
def_bool arch/loongarch/Kconfig:221
def_bool arch/loongarch/Kconfig:239
def_bool arch/loongarch/Kconfig:242
def_bool arch/loongarch/Kconfig:245
def_bool arch/loongarch/Kconfig:267
def_bool arch/loongarch/Kconfig:270
def_bool arch/loongarch/Kconfig:273
def_bool arch/loongarch/Kconfig:276
def_bool arch/loongarch/Kconfig:279
def_bool arch/loongarch/Kconfig:282
def_bool arch/loongarch/Kconfig:285
def_bool arch/loongarch/Kconfig:602
def_bool arch/loongarch/Kconfig:605
def_bool arch/loongarch/Kconfig:608
def_bool arch/loongarch/Kconfig:611
def_bool arch/loongarch/Kconfig:616
def_bool arch/loongarch/Kconfig:677
def_bool arch/loongarch/Kconfig:680
def_bool arch/loongarch/Kconfig:684
def_bool arch/loongarch/Kconfig:693
default arch/loongarch/Kconfig:701
default arch/loongarch/Kconfig:704
def_bool arch/loongarch/Kconfig:707
def_bool arch/loongarch/Kconfig:717
def_bool arch/loongarch/Kconfig:720
def_bool arch/microblaze/Kconfig:3
def_bool arch/microblaze/Kconfig:67
def_bool arch/microblaze/Kconfig:70
def_bool arch/microblaze/Kconfig:73
def_bool arch/microblaze/Kconfig:76
def_bool arch/microblaze/Kconfig:79
def_bool arch/microblaze/Kconfig:82
def_bool arch/microblaze/Kconfig:85
def_bool arch/microblaze/Kconfig:94
default arch/microblaze/Kconfig:112
def_bool arch/openrisc/Kconfig:8
def_bool arch/openrisc/Kconfig:46
def_bool arch/openrisc/Kconfig:49
def_bool arch/openrisc/Kconfig:52
def_bool arch/openrisc/Kconfig:55
def_bool arch/openrisc/Kconfig:60
def_bool arch/openrisc/Kconfig:63
def_bool arch/openrisc/Kconfig:66
def_bool arch/openrisc/Kconfig:69
def_bool arch/riscv/Kconfig:14
def_bool arch/riscv/Kconfig:214
def_bool arch/riscv/Kconfig:221
def_bool arch/riscv/Kconfig:226
def_bool arch/riscv/Kconfig:230
def_bool arch/riscv/Kconfig:235
def_bool arch/riscv/Kconfig:241
default arch/riscv/Kconfig:249
default arch/riscv/Kconfig:253
default arch/riscv/Kconfig:258
default arch/riscv/Kconfig:262
def_bool arch/riscv/Kconfig:300
def_bool arch/riscv/Kconfig:303
def_bool arch/riscv/Kconfig:309
def_bool arch/riscv/Kconfig:312
def_bool arch/riscv/Kconfig:315
def_bool arch/riscv/Kconfig:318
def_bool arch/riscv/Kconfig:326
def_bool arch/riscv/Kconfig:329
def_bool arch/riscv/Kconfig:332
def_bool arch/riscv/Kconfig:335
def_bool arch/riscv/Kconfig:348
def_bool arch/riscv/Kconfig:365
default arch/riscv/Kconfig:593
def_bool arch/riscv/Kconfig:650
def_bool arch/riscv/Kconfig:733
def_bool arch/riscv/Kconfig:749
def_bool arch/riscv/Kconfig:880
def_bool arch/riscv/Kconfig:883
def_bool arch/riscv/Kconfig:888
def_bool arch/riscv/Kconfig:891
def_bool arch/riscv/Kconfig:897
def_bool arch/riscv/Kconfig:900
def_bool arch/riscv/Kconfig:903
def_bool arch/riscv/Kconfig:906
default arch/riscv/Kconfig:1011
def_bool arch/riscv/Kconfig:1055
def_bool arch/riscv/Kconfig:1058
default arch/riscv/Kconfig:1115
def_bool arch/riscv/Kconfig:1159
def_bool arch/riscv/Kconfig:1166
def_bool arch/riscv/Kconfig:1169
def_bool arch/riscv/Kconfig:1172
def_bool arch/nios2/Kconfig:3
def_bool arch/nios2/Kconfig:32
def_bool arch/nios2/Kconfig:35
def_bool arch/nios2/Kconfig:38
def_bool arch/nios2/Kconfig:41
def_bool arch/nios2/Kconfig:44
def_bool arch/nios2/Kconfig:70
default arch/nios2/Kconfig:104
def_bool arch/m68k/Kconfig:44
def_bool arch/m68k/Kconfig:68
default arch/m68k/Kconfig:76
def_bool arch/m68k/Kconfig:87
def_bool arch/m68k/Kconfig:91
def_bool arch/m68k/Kconfig:95
def_bool arch/m68k/Kconfig:99
def_bool arch/powerpc/sysdev/xics/Kconfig:3
def_bool arch/powerpc/sysdev/xics/Kconfig:8
def_bool arch/powerpc/sysdev/xics/Kconfig:11
def_bool arch/powerpc/sysdev/xics/Kconfig:14
def_bool arch/powerpc/sysdev/xics/Kconfig:17
def_bool arch/powerpc/platforms/Kconfig:182
def_bool arch/powerpc/Kconfig:5
def_bool arch/powerpc/Kconfig:8
def_bool arch/powerpc/Kconfig:27
default arch/powerpc/Kconfig:35
def_bool arch/powerpc/Kconfig:372
default arch/powerpc/Kconfig:376
def_bool arch/powerpc/Kconfig:394
def_bool arch/powerpc/Kconfig:398
def_bool arch/powerpc/Kconfig:402
def_bool arch/powerpc/Kconfig:445
def_bool arch/powerpc/Kconfig:575
def_bool arch/powerpc/Kconfig:618
def_bool arch/powerpc/Kconfig:628
def_bool arch/powerpc/Kconfig:631
def_bool arch/powerpc/Kconfig:634
def_bool arch/powerpc/Kconfig:637
def_bool arch/powerpc/Kconfig:702
def_bool arch/powerpc/Kconfig:709
def_bool arch/powerpc/Kconfig:714
default arch/powerpc/Kconfig:750
def_bool arch/powerpc/Kconfig:777
def_bool arch/powerpc/Kconfig:781
def_bool arch/powerpc/Kconfig:785
def_bool arch/powerpc/Kconfig:789
def_bool arch/powerpc/Kconfig:794
def_bool arch/powerpc/Kconfig:805
default arch/powerpc/Kconfig:1006
default arch/powerpc/Kconfig:1016
def_bool arch/powerpc/Kconfig:1029
def_bool arch/powerpc/Kconfig:1321
def_bool arch/csky/Kconfig:3
def_bool arch/csky/Kconfig:115
def_bool arch/csky/Kconfig:118
def_bool arch/csky/Kconfig:153
def_bool arch/csky/Kconfig:156
def_bool arch/csky/Kconfig:159
def_bool arch/csky/Kconfig:162
def_bool arch/csky/Kconfig:165
def_bool arch/csky/Kconfig:168
default arch/csky/Kconfig:182
default arch/csky/Kconfig:187
def_bool arch/x86/xen/Kconfig:45
def_bool arch/x86/xen/Kconfig:49
def_bool arch/x86/xen/Kconfig:53
def_bool arch/x86/xen/Kconfig:57
def_bool arch/x86/um/Kconfig:10
def_bool arch/x86/um/Kconfig:19
def_bool arch/x86/um/Kconfig:28
def_bool arch/x86/um/Kconfig:43
def_bool arch/x86/um/Kconfig:46
def_bool arch/x86/um/Kconfig:49
def_tristate arch/x86/kvm/Kconfig:21
default arch/x86/kvm/Kconfig:72
def_bool arch/x86/Kconfig:11
def_bool arch/x86/Kconfig:25
def_bool arch/x86/Kconfig:41
def_bool arch/x86/Kconfig:58
def_bool arch/x86/Kconfig:325
def_bool arch/x86/Kconfig:334
def_bool arch/x86/Kconfig:337
def_bool arch/x86/Kconfig:340
default arch/x86/Kconfig:343
default arch/x86/Kconfig:347
default arch/x86/Kconfig:351
default arch/x86/Kconfig:354
def_bool arch/x86/Kconfig:360
def_bool arch/x86/Kconfig:368
def_bool arch/x86/Kconfig:376
def_bool arch/x86/Kconfig:380
def_bool arch/x86/Kconfig:383
def_bool arch/x86/Kconfig:386
def_bool arch/x86/Kconfig:389
def_bool arch/x86/Kconfig:392
def_bool arch/x86/Kconfig:400
def_bool arch/x86/Kconfig:404
def_bool arch/x86/Kconfig:408
def_bool arch/x86/Kconfig:411
def_bool arch/x86/Kconfig:739
def_bool arch/x86/Kconfig:774
def_bool arch/x86/Kconfig:830
def_bool arch/x86/Kconfig:849
def_bool arch/x86/Kconfig:916
def_bool arch/x86/Kconfig:935
default arch/x86/Kconfig:941
def_bool arch/x86/Kconfig:1059
def_bool arch/x86/Kconfig:1062
def_bool arch/x86/Kconfig:1093
def_bool arch/x86/Kconfig:1123
def_bool arch/x86/Kconfig:1128
def_bool arch/x86/Kconfig:1135
def_bool arch/x86/Kconfig:1180
def_bool arch/x86/Kconfig:1188
def_bool arch/x86/Kconfig:1259
def_bool arch/x86/Kconfig:1263
def_bool arch/x86/Kconfig:1336
def_bool arch/x86/Kconfig:1340
def_bool arch/x86/Kconfig:1493
def_bool arch/x86/Kconfig:1529
def_bool arch/x86/Kconfig:1589
def_bool arch/x86/Kconfig:1600
def_bool arch/x86/Kconfig:1619
def_bool arch/x86/Kconfig:1623
def_bool arch/x86/Kconfig:1629
def_bool arch/x86/Kconfig:1632
def_bool arch/x86/Kconfig:1644
default arch/x86/Kconfig:1702
def_bool arch/x86/Kconfig:1737
def_bool arch/x86/Kconfig:1772
def_bool arch/x86/Kconfig:1803
def_bool arch/x86/Kconfig:1819
def_bool arch/x86/Kconfig:1842
def_bool arch/x86/Kconfig:2059
def_bool arch/x86/Kconfig:2062
def_bool arch/x86/Kconfig:2065
def_bool arch/x86/Kconfig:2070
def_bool arch/x86/Kconfig:2073
def_bool arch/x86/Kconfig:2076
def_bool arch/x86/Kconfig:2079
def_bool arch/x86/Kconfig:2082
def_bool arch/x86/Kconfig:2085
def_bool arch/x86/Kconfig:2088
def_bool arch/x86/Kconfig:2091
def_bool arch/x86/Kconfig:2094
def_bool arch/x86/Kconfig:2191
def_bool arch/x86/Kconfig:2273
def_bool arch/x86/Kconfig:2277
default arch/x86/Kconfig:2420
def_bool arch/x86/Kconfig:2441
def_bool arch/x86/Kconfig:2445
def_bool arch/x86/Kconfig:2448
def_bool arch/x86/Kconfig:2458
def_bool arch/x86/Kconfig:2461
def_bool arch/x86/Kconfig:2464
def_bool arch/x86/Kconfig:2482
def_bool arch/x86/Kconfig:2487
def_bool arch/x86/Kconfig:2492
def_bool arch/x86/Kconfig:2496
def_bool arch/x86/Kconfig:2500
def_bool arch/x86/Kconfig:2756
def_bool arch/x86/Kconfig:2762
def_bool arch/x86/Kconfig:2770
def_bool arch/x86/Kconfig:2943
def_bool arch/x86/Kconfig:2948
default arch/x86/Kconfig:2953
def_bool arch/x86/Kconfig:2958
def_bool arch/x86/Kconfig:2962
def_bool arch/x86/Kconfig:2966
def_bool arch/x86/Kconfig:3127
default arch/x86/Kconfig:3146
def_bool arch/x86/Kconfig:3169
def_bool arch/x86/Kconfig:3175
def_bool arch/x86/Kconfig:3179
def_bool arch/x86/Kconfig:3185
def_bool arch/s390/kvm/Kconfig:8
def_tristate arch/s390/kvm/Kconfig:20
def_bool arch/s390/Kconfig:3
def_bool arch/s390/Kconfig:6
def_bool arch/s390/Kconfig:9
def_bool arch/s390/Kconfig:12
def_bool arch/s390/Kconfig:15
def_bool arch/s390/Kconfig:18
def_bool arch/s390/Kconfig:21
def_bool arch/s390/Kconfig:24
def_bool arch/s390/Kconfig:27
def_bool arch/s390/Kconfig:30
def_bool arch/s390/Kconfig:33
def_bool arch/s390/Kconfig:36
def_bool arch/s390/Kconfig:39
def_bool arch/s390/Kconfig:42
def_bool arch/s390/Kconfig:45
def_bool arch/s390/Kconfig:48
def_bool arch/s390/Kconfig:56
def_bool arch/s390/Kconfig:63
def_bool arch/s390/Kconfig:260
def_bool arch/s390/Kconfig:269
def_bool arch/s390/Kconfig:272
def_bool arch/s390/Kconfig:275
def_bool arch/s390/Kconfig:278
def_bool arch/s390/Kconfig:281
def_bool arch/s390/Kconfig:288
def_bool arch/s390/Kconfig:293
def_bool arch/s390/Kconfig:296
def_bool arch/s390/Kconfig:300
def_bool arch/s390/Kconfig:304
def_bool arch/s390/Kconfig:308
def_bool arch/s390/Kconfig:312
def_bool arch/s390/Kconfig:316
def_bool arch/s390/Kconfig:387
def_bool arch/s390/Kconfig:390
def_bool arch/s390/Kconfig:393
def_bool arch/s390/Kconfig:396
def_bool arch/s390/Kconfig:399
def_bool arch/s390/Kconfig:402
def_bool arch/s390/Kconfig:405
def_bool arch/s390/Kconfig:454
def_bool arch/s390/Kconfig:465
def_bool arch/s390/Kconfig:481
def_bool arch/s390/Kconfig:496
def_bool arch/s390/Kconfig:513
def_bool arch/s390/Kconfig:516
def_bool arch/s390/Kconfig:519
def_bool arch/s390/Kconfig:529
def_bool arch/s390/Kconfig:537
def_bool arch/s390/Kconfig:562
def_bool arch/s390/Kconfig:579
def_bool arch/s390/Kconfig:592
def_bool arch/s390/Kconfig:616
def_bool arch/s390/Kconfig:671
def_bool arch/s390/Kconfig:676
def_bool arch/s390/Kconfig:689
def_tristate arch/s390/Kconfig:719
def_bool arch/s390/Kconfig:743
def_tristate arch/s390/Kconfig:746
def_bool arch/s390/Kconfig:763
def_tristate arch/s390/Kconfig:769
def_tristate arch/s390/Kconfig:780
def_bool arch/s390/Kconfig:793
def_tristate arch/s390/Kconfig:807
def_tristate arch/s390/Kconfig:818
def_bool arch/s390/Kconfig:834
def_bool arch/s390/Kconfig:843
def_tristate arch/s390/Kconfig:856
def_bool arch/s390/Kconfig:869
def_bool arch/s390/Kconfig:877
def_tristate arch/s390/Kconfig:893
def_tristate arch/s390/Kconfig:910
def_tristate arch/s390/Kconfig:925
def_bool arch/s390/Kconfig:941
def_bool arch/s390/Kconfig:948
def_bool arch/s390/Kconfig:962
def_bool arch/s390/Kconfig:977
def_tristate arch/s390/Kconfig:982
def_tristate arch/s390/Kconfig:994
def_tristate arch/s390/Kconfig:1006
def_bool arch/hexagon/Kconfig:6
def_bool arch/hexagon/Kconfig:47
def_bool arch/hexagon/Kconfig:52
def_bool arch/hexagon/Kconfig:55
def_bool arch/hexagon/Kconfig:58
def_bool arch/hexagon/Kconfig:61
def_bool arch/hexagon/Kconfig:64
def_bool arch/hexagon/Kconfig:67
def_bool arch/hexagon/Kconfig:70
def_bool arch/hexagon/Kconfig:74
default arch/um/drivers/Kconfig:68
def_bool arch/um/Kconfig:57
def_bool arch/um/Kconfig:88
def_bool arch/um/Kconfig:248
def_bool arch/arc/Kconfig:7
def_bool arch/arc/Kconfig:58
def_bool arch/arc/Kconfig:61
def_bool arch/arc/Kconfig:64
def_bool arch/arc/Kconfig:67
def_bool arch/arc/Kconfig:70
def_bool arch/arc/Kconfig:73
def_bool arch/arc/Kconfig:76
def_bool arch/arc/Kconfig:79
def_bool arch/arc/Kconfig:82
default arch/arc/Kconfig:154
def_bool arch/arc/Kconfig:336
def_bool arch/arc/Kconfig:379
def_bool arch/arc/Kconfig:382
def_bool arch/sparc/Kconfig:54
def_bool arch/sparc/Kconfig:70
def_bool arch/sparc/Kconfig:115
def_bool arch/sparc/Kconfig:118
def_bool arch/sparc/Kconfig:129
default arch/sparc/Kconfig:145
def_bool arch/sparc/Kconfig:149
def_bool arch/sparc/Kconfig:268
def_bool arch/sparc/Kconfig:272
def_bool arch/alpha/Kconfig:49
def_bool arch/alpha/Kconfig:351
def_bool arch/mips/ath79/Kconfig:14
def_bool arch/mips/ath79/Kconfig:17
def_bool arch/mips/ath79/Kconfig:30
def_bool arch/mips/vdso/Kconfig:6
def_bool arch/mips/Kconfig:1094
def_bool arch/mips/Kconfig:1104
def_bool arch/mips/Kconfig:1140
def_bool arch/mips/Kconfig:1143
def_bool arch/mips/Kconfig:1210
def_bool arch/mips/Kconfig:2589
def_bool arch/mips/Kconfig:2857
def_bool arch/mips/Kconfig:2860
def_bool arch/mips/Kconfig:2863
def_bool arch/mips/Kconfig:2866
def_bool arch/mips/Kconfig:3004
default arch/mips/Kconfig:3034
default arch/mips/Kconfig:3038
default arch/mips/Kconfig:3042
default arch/mips/Kconfig:3045
def_bool arch/mips/Kconfig:3091
def_bool arch/mips/Kconfig:3096
def_bool arch/mips/Kconfig:3101
def_bool arch/mips/Kconfig:3105
def_bool arch/arm/mm/Kconfig:677
def_bool arch/arm/mach-imx/Kconfig:34
def_bool arch/arm/mach-footbridge/Kconfig:47
def_bool arch/arm/mach-ux500/Kconfig:39
def_bool arch/arm/mach-s3c/Kconfig:8
def_bool arch/arm/mach-s3c/Kconfig:16
def_bool arch/arm/mach-s3c/Kconfig:39
def_bool arch/arm/mach-s3c/Kconfig:125
default arch/arm/mach-omap2/Kconfig:136
def_bool arch/arm/mach-s5pv210/Kconfig:24
def_bool arch/arm/Kconfig:167
def_bool arch/arm/Kconfig:236
def_bool arch/arm/Kconfig:250
def_bool arch/arm/Kconfig:305
def_bool arch/arm/Kconfig:323
default arch/arm/Kconfig:329
default arch/arm/Kconfig:332
def_bool arch/arm/Kconfig:931
def_bool arch/arm/Kconfig:935
def_bool arch/arm/Kconfig:1132
def_bool arch/arm/Kconfig:1201
def_bool arch/arm/Kconfig:1204
def_bool arch/arm/Kconfig:1207
def_bool arch/arm/Kconfig:1255
def_bool arch/arm/Kconfig:1265
def_bool arch/arm/Kconfig:1272
def_bool arch/arm/Kconfig:1309
def_bool arch/arm/Kconfig:1355
def_bool arch/arm/Kconfig:1373
def_bool arch/arm/Kconfig:1403
default arch/arm/Kconfig:1536
def_bool arch/arm/Kconfig:1587
def_bool arch/arm/Kconfig:1598
def_bool arch/arm/Kconfig:1601
def_bool arch/arm/Kconfig:1743
def_bool arch/sh/mm/Kconfig:20
def_bool arch/sh/mm/Kconfig:81
def_bool arch/sh/mm/Kconfig:99
def_bool arch/sh/mm/Kconfig:134
def_bool arch/sh/mm/Kconfig:138
def_bool arch/sh/mm/Kconfig:142
def_bool arch/sh/mm/Kconfig:145
def_bool arch/sh/mm/Kconfig:148
def_bool arch/sh/boards/Kconfig:11
def_bool arch/sh/Kconfig:3
def_bool arch/sh/Kconfig:84
def_bool arch/sh/Kconfig:88
def_bool arch/sh/Kconfig:94
def_bool arch/sh/Kconfig:98
def_bool arch/sh/Kconfig:101
def_bool arch/sh/Kconfig:114
def_bool arch/sh/Kconfig:117
def_bool arch/sh/Kconfig:120
def_bool arch/sh/Kconfig:123
def_bool arch/sh/Kconfig:126
def_bool arch/sh/Kconfig:139
default arch/sh/Kconfig:145
def_bool arch/sh/Kconfig:517
def_bool arch/sh/Kconfig:538
def_bool arch/sh/Kconfig:541
def_bool arch/sh/Kconfig:544
def_bool arch/sh/Kconfig:547
def_bool arch/sh/Kconfig:604
def_bool arch/parisc/Kconfig:3
def_bool arch/parisc/Kconfig:100
def_bool arch/parisc/Kconfig:103
def_bool arch/parisc/Kconfig:106
def_bool arch/parisc/Kconfig:122
default arch/parisc/Kconfig:143
default arch/parisc/Kconfig:147
default arch/parisc/Kconfig:150
default arch/parisc/Kconfig:154
def_bool arch/parisc/Kconfig:161
def_bool arch/parisc/Kconfig:228
def_bool arch/parisc/Kconfig:232
def_bool arch/parisc/Kconfig:238
def_bool arch/parisc/Kconfig:242
def_bool arch/parisc/Kconfig:344
def_bool arch/parisc/Kconfig:348
def_bool arch/parisc/Kconfig:352
def_bool arch/parisc/Kconfig:355
def_bool arch/parisc/Kconfig:361
def_bool arch/parisc/Kconfig:365
def_bool arch/parisc/Kconfig:377
def_bool arch/parisc/Kconfig:380
def_bool arch/parisc/Kconfig:383
default arch/Kconfig:8
def_bool arch/Kconfig:17
def_bool arch/Kconfig:122
def_bool arch/Kconfig:127
def_bool arch/Kconfig:136
def_bool arch/Kconfig:151
def_bool arch/Kconfig:205
def_bool arch/Kconfig:209
def_bool arch/Kconfig:503
def_bool arch/Kconfig:610
def_bool arch/Kconfig:752
def_bool arch/Kconfig:856
def_bool arch/Kconfig:862
def_bool arch/Kconfig:989
def_bool arch/Kconfig:1052
def_bool arch/Kconfig:1237
def_bool arch/Kconfig:1242
def_bool arch/Kconfig:1306
def_bool arch/Kconfig:1369
def_bool arch/Kconfig:1372
default arch/Kconfig:1392
def_bool arch/Kconfig:1407
def_bool arch/Kconfig:1444
def_bool arch/Kconfig:1447
def_bool arch/Kconfig:1450
def_bool arch/Kconfig:1466
def_bool arch/arm64/Kconfig:3
def_bool arch/arm64/Kconfig:272
def_bool arch/arm64/Kconfig:284
def_bool arch/arm64/Kconfig:289
def_bool arch/arm64/Kconfig:293
def_bool arch/arm64/Kconfig:296
default arch/arm64/Kconfig:311
default arch/arm64/Kconfig:318
default arch/arm64/Kconfig:330
default arch/arm64/Kconfig:335
def_bool arch/arm64/Kconfig:338
def_bool arch/arm64/Kconfig:341
def_bool arch/arm64/Kconfig:348
def_bool arch/arm64/Kconfig:351
def_bool arch/arm64/Kconfig:355
def_bool arch/arm64/Kconfig:359
def_bool arch/arm64/Kconfig:362
def_bool arch/arm64/Kconfig:365
def_bool arch/arm64/Kconfig:368
def_bool arch/arm64/Kconfig:371
def_bool arch/arm64/Kconfig:374
def_bool arch/arm64/Kconfig:388
def_bool arch/arm64/Kconfig:391
def_bool arch/arm64/Kconfig:394
def_bool arch/arm64/Kconfig:632
def_bool arch/arm64/Kconfig:1434
def_bool arch/arm64/Kconfig:1523
def_bool arch/arm64/Kconfig:1528
def_bool arch/arm64/Kconfig:1533
def_bool arch/arm64/Kconfig:1554
def_bool arch/arm64/Kconfig:1557
def_bool arch/arm64/Kconfig:1560
def_bool arch/arm64/Kconfig:1565
def_bool arch/arm64/Kconfig:1568
def_bool arch/arm64/Kconfig:1571
def_bool arch/arm64/Kconfig:1574
def_bool arch/arm64/Kconfig:1577
def_bool arch/arm64/Kconfig:1580
def_bool arch/arm64/Kconfig:1583
def_bool arch/arm64/Kconfig:1587
def_bool arch/arm64/Kconfig:1861
def_bool arch/arm64/Kconfig:1887
def_bool arch/arm64/Kconfig:1890
def_bool arch/arm64/Kconfig:1992
def_bool arch/arm64/Kconfig:1995
def_bool arch/arm64/Kconfig:1998
def_bool arch/arm64/Kconfig:2028
def_bool arch/arm64/Kconfig:2046
def_bool arch/arm64/Kconfig:2160
def_bool arch/arm64/Kconfig:2338
def_bool arch/arm64/Kconfig:2341
default arch/arm64/Kconfig:2399
default arch/arm64/Kconfig:2432
def_bool arch/arm64/Kconfig:2460
def_bool arch/arm64/Kconfig:2464
def_bool arch/arm64/Kconfig:2468
def_bool arch/xtensa/Kconfig:3
def_bool arch/xtensa/Kconfig:69
def_bool arch/xtensa/Kconfig:72
def_bool arch/xtensa/Kconfig:75
def_bool arch/xtensa/Kconfig:78
def_bool arch/xtensa/Kconfig:81
def_bool arch/xtensa/Kconfig:88
def_bool arch/xtensa/Kconfig:91
def_bool arch/xtensa/Kconfig:94
def_bool arch/xtensa/Kconfig:98
def_bool arch/xtensa/Kconfig:105
def_bool arch/xtensa/Kconfig:108
def_bool arch/xtensa/Kconfig:111
def_bool arch/xtensa/Kconfig:385
def_bool arch/xtensa/Kconfig:392
def_bool arch/xtensa/Kconfig:395
def_bool arch/xtensa/Kconfig:730
def_bool arch/xtensa/Kconfig:812
def_tristate crypto/Kconfig:152
default crypto/Kconfig:1280
default block/Kconfig:128
def_bool block/Kconfig:215
def_bool block/Kconfig:223
